Arguments: 
  /usr/bin/node /usr/local/bin/yarn

PATH: 
  /usr/local/sbin:/usr/local/bin:/usr/sbin:/usr/bin:/sbin:/bin:/home/ksin//Android/Sdk/emulator:/home/ksin//Android/Sdk/tools:/home/ksin//Android/Sdk/tools/bin:/home/ksin//Android/Sdk/platform-tools

Yarn version: 
  1.22.4

Node version: 
  10.20.1

Platform: 
  linux x64

Trace: 
  Error: Client network socket disconnected before secure TLS connection was established
      at TLSSocket.onConnectEnd (_tls_wrap.js:1125:19)
      at Object.onceWrapper (events.js:286:20)
      at TLSSocket.emit (events.js:203:15)
      at endReadableNT (_stream_readable.js:1145:12)
      at process._tickCallback (internal/process/next_tick.js:63:19)

npm manifest: 
  {
    "name": "eth-marketplace",
    "version": "0.1.0",
    "description": "An Ethereum Marketplace",
    "author": "gregory@dappuniversity.com",
    "dependencies": {
      "@openzeppelin/contracts": "^2.5.0",
      "babel-polyfill": "6.26.0",
      "babel-preset-env": "1.7.0",
      "babel-preset-es2015": "6.24.1",
      "babel-preset-stage-2": "6.24.1",
      "babel-preset-stage-3": "6.24.1",
      "babel-register": "6.26.0",
      "bootstrap": "4.3.1",
      "chai": "4.2.0",
      "chai-as-promised": "7.1.1",
      "chai-bignumber": "3.0.0",
      "react": "16.8.4",
      "react-bootstrap": "1.0.0-beta.5",
      "react-dom": "16.8.4",
      "react-scripts": "2.1.3",
      "truffle": "5.0.5",
      "web3": "1.0.0-beta.55"
    },
    "scripts": {
      "start": "react-scripts start",
      "build": "react-scripts build",
      "test": "react-scripts test",
      "eject": "react-scripts eject"
    },
    "eslintConfig": {
      "extends": "react-app"
    },
    "browserslist": [
      ">0.2%",
      "not dead",
      "not ie <= 11",
      "not op_mini all"
    ]
  }

yarn manifest: 
  No manifest

Lockfile: 
  No lockfile
